Init service layer.
Init dao layer.
Controller- recv: account=2020211376, password=password
____________Dao- Login check: 2020211376 password
Controller- send: Login success!

Controller- recv: 2020211376 12341
____________Dao- Select name from users where account='2020211376'
____________Dao- Query name:马天成
________Service- This account has no state, start serve.
________Service- User states: Start
____________Dao- Get step for Start
________Service- Current: Start
________Service- User states: Welcome
____________Dao- Get step for Welcome
________Service- Add: 您好，$name，请问有什么可以帮您？（投诉、账单、退出）
________Service- Find msg_add has $name, replace it.
____________Dao- Select name from users where account='2020211376'
____________Dao- Query name:马天成
Controller- send: 您好，马天成，请问有什么可以帮您？（投诉、账单、退出）

Controller- recv: 2020211376 sdafasf
____________Dao- Select name from users where account='2020211376'
____________Dao- Query name:马天成
____________Dao- Get step for Welcome
________Service- Current: Welcome
________Service- User states: Mishandled
____________Dao- Get step for Mishandled
________Service- Add: 我没听懂呜呜呜。
________Service- User states: Welcome
____________Dao- Get step for Welcome
________Service- Add: 您好，$name，请问有什么可以帮您？（投诉、账单、退出）
________Service- Find msg_add has $name, replace it.
____________Dao- Select name from users where account='2020211376'
____________Dao- Query name:马天成
Controller- send: 我没听懂呜呜呜。&您好，马天成，请问有什么可以帮您？（投诉、账单、退出）

Controller- recv: 2020211376 
____________Dao- Select name from users where account='2020211376'
____________Dao- Query name:马天成
____________Dao- Get step for Welcome
________Service- Current: Welcome
________Service- User states: Mishandled
____________Dao- Get step for Mishandled
________Service- Add: 我没听懂呜呜呜。
________Service- User states: Welcome
____________Dao- Get step for Welcome
________Service- Add: 您好，$name，请问有什么可以帮您？（投诉、账单、退出）
________Service- Find msg_add has $name, replace it.
____________Dao- Select name from users where account='2020211376'
____________Dao- Query name:马天成
Controller- send: 我没听懂呜呜呜。&您好，马天成，请问有什么可以帮您？（投诉、账单、退出）

Controller- recv: 2020211376 
____________Dao- Select name from users where account='2020211376'
____________Dao- Query name:马天成
____________Dao- Get step for Welcome
________Service- Current: Welcome
________Service- User states: Mishandled
____________Dao- Get step for Mishandled
________Service- Add: 我没听懂呜呜呜。
________Service- User states: Welcome
____________Dao- Get step for Welcome
________Service- Add: 您好，$name，请问有什么可以帮您？（投诉、账单、退出）
________Service- Find msg_add has $name, replace it.
____________Dao- Select name from users where account='2020211376'
____________Dao- Query name:马天成
Controller- send: 我没听懂呜呜呜。&您好，马天成，请问有什么可以帮您？（投诉、账单、退出）

Controller- recv: 2020211376 
____________Dao- Select name from users where account='2020211376'
____________Dao- Query name:马天成
____________Dao- Get step for Welcome
________Service- Current: Welcome
________Service- User states: Mishandled
____________Dao- Get step for Mishandled
________Service- Add: 我没听懂呜呜呜。
________Service- User states: Welcome
____________Dao- Get step for Welcome
________Service- Add: 您好，$name，请问有什么可以帮您？（投诉、账单、退出）
________Service- Find msg_add has $name, replace it.
____________Dao- Select name from users where account='2020211376'
____________Dao- Query name:马天成
Controller- send: 我没听懂呜呜呜。&您好，马天成，请问有什么可以帮您？（投诉、账单、退出）

Controller- recv: 2020211376 
____________Dao- Select name from users where account='2020211376'
____________Dao- Query name:马天成
____________Dao- Get step for Welcome
________Service- Current: Welcome
________Service- User states: Mishandled
____________Dao- Get step for Mishandled
________Service- Add: 我没听懂呜呜呜。
________Service- User states: Welcome
____________Dao- Get step for Welcome
________Service- Add: 您好，$name，请问有什么可以帮您？（投诉、账单、退出）
________Service- Find msg_add has $name, replace it.
____________Dao- Select name from users where account='2020211376'
____________Dao- Query name:马天成
Controller- send: 我没听懂呜呜呜。&您好，马天成，请问有什么可以帮您？（投诉、账单、退出）

Controller- recv: 2020211376 
____________Dao- Select name from users where account='2020211376'
____________Dao- Query name:马天成
____________Dao- Get step for Welcome
________Service- Current: Welcome
________Service- User states: Mishandled
____________Dao- Get step for Mishandled
________Service- Add: 我没听懂呜呜呜。
________Service- User states: Welcome
____________Dao- Get step for Welcome
________Service- Add: 您好，$name，请问有什么可以帮您？（投诉、账单、退出）
________Service- Find msg_add has $name, replace it.
____________Dao- Select name from users where account='2020211376'
____________Dao- Query name:马天成
Controller- send: 我没听懂呜呜呜。&您好，马天成，请问有什么可以帮您？（投诉、账单、退出）

Controller- recv: 2020211376 
____________Dao- Select name from users where account='2020211376'
____________Dao- Query name:马天成
____________Dao- Get step for Welcome
________Service- Current: Welcome
________Service- User states: Mishandled
____________Dao- Get step for Mishandled
________Service- Add: 我没听懂呜呜呜。
________Service- User states: Welcome
____________Dao- Get step for Welcome
________Service- Add: 您好，$name，请问有什么可以帮您？（投诉、账单、退出）
________Service- Find msg_add has $name, replace it.
____________Dao- Select name from users where account='2020211376'
____________Dao- Query name:马天成
Controller- send: 我没听懂呜呜呜。&您好，马天成，请问有什么可以帮您？（投诉、账单、退出）
