Init service layer.
Init dao layer.
Controller- recv: account=2020211376, password=password
____________Dao- Login check: 2020211376 password
Controller- send: Login success!

Controller- recv: 2020211376 45636346346
____________Dao- Select name from users where account='2020211376'
____________Dao- Query name:马天成
________Service- This account has no state, start serve.
________Service- User states: Start
____________Dao- Get step for Start
________Service- Current: Start
________Service- User states: Welcome
____________Dao- Get step for Welcome
________Service- Add: 您好，$name，请问有什么可以帮您？（投诉、账单、退出）
________Service- Find msg_add has $name, replace it.
____________Dao- Select name from users where account='2020211376'
____________Dao- Query name:马天成
Controller- send: 您好，马天成，请问有什么可以帮您？（投诉、账单、退出）

Controller- recv: 2020211376 4356346346
____________Dao- Select name from users where account='2020211376'
____________Dao- Query name:马天成
____________Dao- Get step for Welcome
________Service- Current: Welcome
________Service- User states: Mishandled
____________Dao- Get step for Mishandled
________Service- Add: 我没听懂呜呜呜。
________Service- User states: Welcome
____________Dao- Get step for Welcome
________Service- Add: 您好，$name，请问有什么可以帮您？（投诉、账单、退出）
________Service- Find msg_add has $name, replace it.
____________Dao- Select name from users where account='2020211376'
____________Dao- Query name:马天成
Controller- send: 我没听懂呜呜呜。&您好，马天成，请问有什么可以帮您？（投诉、账单、退出）

Controller- recv: 2020211376 45643566
____________Dao- Select name from users where account='2020211376'
____________Dao- Query name:马天成
____________Dao- Get step for Welcome
________Service- Current: Welcome
________Service- User states: Mishandled
____________Dao- Get step for Mishandled
________Service- Add: 我没听懂呜呜呜。
________Service- User states: Welcome
____________Dao- Get step for Welcome
________Service- Add: 您好，$name，请问有什么可以帮您？（投诉、账单、退出）
________Service- Find msg_add has $name, replace it.
____________Dao- Select name from users where account='2020211376'
____________Dao- Query name:马天成
Controller- send: 我没听懂呜呜呜。&您好，马天成，请问有什么可以帮您？（投诉、账单、退出）

Controller- recv: 2020211376 453634536
____________Dao- Select name from users where account='2020211376'
____________Dao- Query name:马天成
____________Dao- Get step for Welcome
________Service- Current: Welcome
________Service- User states: Mishandled
____________Dao- Get step for Mishandled
________Service- Add: 我没听懂呜呜呜。
________Service- User states: Welcome
____________Dao- Get step for Welcome
________Service- Add: 您好，$name，请问有什么可以帮您？（投诉、账单、退出）
________Service- Find msg_add has $name, replace it.
____________Dao- Select name from users where account='2020211376'
____________Dao- Query name:马天成
Controller- send: 我没听懂呜呜呜。&您好，马天成，请问有什么可以帮您？（投诉、账单、退出）

Controller- recv: 2020211376 4356346346
____________Dao- Select name from users where account='2020211376'
____________Dao- Query name:马天成
____________Dao- Get step for Welcome
________Service- Current: Welcome
________Service- User states: Mishandled
____________Dao- Get step for Mishandled
________Service- Add: 我没听懂呜呜呜。
________Service- User states: Welcome
____________Dao- Get step for Welcome
________Service- Add: 您好，$name，请问有什么可以帮您？（投诉、账单、退出）
________Service- Find msg_add has $name, replace it.
____________Dao- Select name from users where account='2020211376'
____________Dao- Query name:马天成
Controller- send: 我没听懂呜呜呜。&您好，马天成，请问有什么可以帮您？（投诉、账单、退出）

Controller- recv: 2020211376 mtc_Overtime
____________Dao- Select name from users where account='2020211376'
____________Dao- Query name:马天成
____________Dao- Get step for Welcome
________Service- Current: Welcome
________Service- User states: Silence
____________Dao- Get step for Silence
________Service- Add: 还在嘛？请问有什么可以帮您的嘛？（投诉、账单、退出）
Controller- send: 还在嘛？请问有什么可以帮您的嘛？（投诉、账单、退出）

Controller- recv: 2020211376 mtc_Overtime
____________Dao- Select name from users where account='2020211376'
____________Dao- Query name:马天成
____________Dao- Get step for Silence
________Service- Current: Silence
________Service- User states: Silence
____________Dao- Get step for Silence
________Service- Add: 还在嘛？请问有什么可以帮您的嘛？（投诉、账单、退出）
Controller- send: 还在嘛？请问有什么可以帮您的嘛？（投诉、账单、退出）

Controller- recv: 2020211376 mtc_Overtime
____________Dao- Select name from users where account='2020211376'
____________Dao- Query name:马天成
____________Dao- Get step for Silence
________Service- Current: Silence
________Service- User states: Silence
____________Dao- Get step for Silence
________Service- Add: 还在嘛？请问有什么可以帮您的嘛？（投诉、账单、退出）
Controller- send: 还在嘛？请问有什么可以帮您的嘛？（投诉、账单、退出）

Controller- recv: 2020211376 mtc_Overtime
____________Dao- Select name from users where account='2020211376'
____________Dao- Query name:马天成
____________Dao- Get step for Silence
________Service- Current: Silence
________Service- User states: Silence
____________Dao- Get step for Silence
________Service- Add: 还在嘛？请问有什么可以帮您的嘛？（投诉、账单、退出）
Controller- send: 还在嘛？请问有什么可以帮您的嘛？（投诉、账单、退出）

Controller- recv: 2020211376 mtc_Overtime
____________Dao- Select name from users where account='2020211376'
____________Dao- Query name:马天成
____________Dao- Get step for Silence
________Service- Current: Silence
________Service- User states: Silence
____________Dao- Get step for Silence
________Service- Add: 还在嘛？请问有什么可以帮您的嘛？（投诉、账单、退出）
Controller- send: 还在嘛？请问有什么可以帮您的嘛？（投诉、账单、退出）

Controller- recv: 2020211376 mtc_Overtime
____________Dao- Select name from users where account='2020211376'
____________Dao- Query name:马天成
____________Dao- Get step for Silence
________Service- Current: Silence
________Service- User states: Silence
____________Dao- Get step for Silence
________Service- Add: 还在嘛？请问有什么可以帮您的嘛？（投诉、账单、退出）
Controller- send: 还在嘛？请问有什么可以帮您的嘛？（投诉、账单、退出）

Controller- recv: 2020211376 mtc_Overtime
____________Dao- Select name from users where account='2020211376'
____________Dao- Query name:马天成
____________Dao- Get step for Silence
________Service- Current: Silence
________Service- User states: Silence
____________Dao- Get step for Silence
________Service- Add: 还在嘛？请问有什么可以帮您的嘛？（投诉、账单、退出）
Controller- send: 还在嘛？请问有什么可以帮您的嘛？（投诉、账单、退出）

Controller- recv: 2020211376 mtc_Overtime
____________Dao- Select name from users where account='2020211376'
____________Dao- Query name:马天成
____________Dao- Get step for Silence
________Service- Current: Silence
________Service- User states: Silence
____________Dao- Get step for Silence
________Service- Add: 还在嘛？请问有什么可以帮您的嘛？（投诉、账单、退出）
Controller- send: 还在嘛？请问有什么可以帮您的嘛？（投诉、账单、退出）

Controller- recv: 2020211376 mtc_Overtime
____________Dao- Select name from users where account='2020211376'
____________Dao- Query name:马天成
____________Dao- Get step for Silence
________Service- Current: Silence
________Service- User states: Silence
____________Dao- Get step for Silence
________Service- Add: 还在嘛？请问有什么可以帮您的嘛？（投诉、账单、退出）
Controller- send: 还在嘛？请问有什么可以帮您的嘛？（投诉、账单、退出）

Controller- recv: 2020211376 mtc_Overtime
____________Dao- Select name from users where account='2020211376'
____________Dao- Query name:马天成
____________Dao- Get step for Silence
________Service- Current: Silence
________Service- User states: Silence
____________Dao- Get step for Silence
________Service- Add: 还在嘛？请问有什么可以帮您的嘛？（投诉、账单、退出）
Controller- send: 还在嘛？请问有什么可以帮您的嘛？（投诉、账单、退出）

Controller- recv: 2020211376 mtc_Overtime
____________Dao- Select name from users where account='2020211376'
____________Dao- Query name:马天成
____________Dao- Get step for Silence
________Service- Current: Silence
________Service- User states: Silence
____________Dao- Get step for Silence
________Service- Add: 还在嘛？请问有什么可以帮您的嘛？（投诉、账单、退出）
Controller- send: 还在嘛？请问有什么可以帮您的嘛？（投诉、账单、退出）

Controller- recv: 2020211376 1324124124
____________Dao- Select name from users where account='2020211376'
____________Dao- Query name:马天成
____________Dao- Get step for Silence
________Service- Current: Silence
________Service- User states: Mishandled
____________Dao- Get step for Mishandled
________Service- Add: 我没听懂呜呜呜。
________Service- User states: Welcome
____________Dao- Get step for Welcome
________Service- Add: 您好，$name，请问有什么可以帮您？（投诉、账单、退出）
________Service- Find msg_add has $name, replace it.
____________Dao- Select name from users where account='2020211376'
____________Dao- Query name:马天成
Controller- send: 我没听懂呜呜呜。&您好，马天成，请问有什么可以帮您？（投诉、账单、退出）

Controller- recv: 2020211376 31241234214
____________Dao- Select name from users where account='2020211376'
____________Dao- Query name:马天成
____________Dao- Get step for Welcome
________Service- Current: Welcome
________Service- User states: Mishandled
____________Dao- Get step for Mishandled
________Service- Add: 我没听懂呜呜呜。
________Service- User states: Welcome
____________Dao- Get step for Welcome
________Service- Add: 您好，$name，请问有什么可以帮您？（投诉、账单、退出）
________Service- Find msg_add has $name, replace it.
____________Dao- Select name from users where account='2020211376'
____________Dao- Query name:马天成
Controller- send: 我没听懂呜呜呜。&您好，马天成，请问有什么可以帮您？（投诉、账单、退出）

Controller- recv: 2020211376 账单
____________Dao- Select name from users where account='2020211376'
____________Dao- Query name:马天成
____________Dao- Get step for Welcome
________Service- Current: Welcome
________Service- User states: Bill
____________Dao- Get step for Bill
________Service- Add: 您好，您本月的账单是$amount，账户余额是$balance。
________Service- Find msg_add has $name, replace it.
____________Dao- Select amount from users where account='2020211376'
____________Dao- Query amount:1.000000
________Service- Find msg_add has $name, replace it.
____________Dao- Select balance from users where account='2020211376'
____________Dao- Query balance:123.000000
________Service- User states: Welcome
____________Dao- Get step for Welcome
________Service- Add: 您好，$name，请问有什么可以帮您？（投诉、账单、退出）
________Service- Find msg_add has $name, replace it.
____________Dao- Select name from users where account='2020211376'
____________Dao- Query name:马天成
Controller- send: 您好，您本月的账单是1.000000，账户余额是123.000000。&您好，马天成，请问有什么可以帮您？（投诉、账单、退出）

Controller- recv: 2020211376 mtc_Overtime
____________Dao- Select name from users where account='2020211376'
____________Dao- Query name:马天成
____________Dao- Get step for Welcome
________Service- Current: Welcome
________Service- User states: Silence
____________Dao- Get step for Silence
________Service- Add: 还在嘛？请问有什么可以帮您的嘛？（投诉、账单、退出）
Controller- send: 还在嘛？请问有什么可以帮您的嘛？（投诉、账单、退出）

Controller- recv: 2020211376 mtc_Overtime
____________Dao- Select name from users where account='2020211376'
____________Dao- Query name:马天成
____________Dao- Get step for Silence
________Service- Current: Silence
________Service- User states: Silence
____________Dao- Get step for Silence
________Service- Add: 还在嘛？请问有什么可以帮您的嘛？（投诉、账单、退出）
Controller- send: 还在嘛？请问有什么可以帮您的嘛？（投诉、账单、退出）

Controller- recv: 2020211376 mtc_Overtime
____________Dao- Select name from users where account='2020211376'
____________Dao- Query name:马天成
____________Dao- Get step for Silence
________Service- Current: Silence
________Service- User states: Silence
____________Dao- Get step for Silence
________Service- Add: 还在嘛？请问有什么可以帮您的嘛？（投诉、账单、退出）
Controller- send: 还在嘛？请问有什么可以帮您的嘛？（投诉、账单、退出）

Controller- recv: 2020211376 mtc_Overtime
____________Dao- Select name from users where account='2020211376'
____________Dao- Query name:马天成
____________Dao- Get step for Silence
________Service- Current: Silence
________Service- User states: Silence
____________Dao- Get step for Silence
________Service- Add: 还在嘛？请问有什么可以帮您的嘛？（投诉、账单、退出）
Controller- send: 还在嘛？请问有什么可以帮您的嘛？（投诉、账单、退出）

Controller- recv: 2020211376 mtc_Overtime
____________Dao- Select name from users where account='2020211376'
____________Dao- Query name:马天成
____________Dao- Get step for Silence
________Service- Current: Silence
________Service- User states: Silence
____________Dao- Get step for Silence
________Service- Add: 还在嘛？请问有什么可以帮您的嘛？（投诉、账单、退出）
Controller- send: 还在嘛？请问有什么可以帮您的嘛？（投诉、账单、退出）

Controller- recv: 2020211376 mtc_Overtime
____________Dao- Select name from users where account='2020211376'
____________Dao- Query name:马天成
____________Dao- Get step for Silence
________Service- Current: Silence
________Service- User states: Silence
____________Dao- Get step for Silence
________Service- Add: 还在嘛？请问有什么可以帮您的嘛？（投诉、账单、退出）
Controller- send: 还在嘛？请问有什么可以帮您的嘛？（投诉、账单、退出）
